#
# There is insufficient memory for the Java Runtime Environment to continue.
# Native memory allocation (malloc) failed to allocate 1664976 bytes. Error detail: Chunk::new
# Possible reasons:
#   The system is out of physical RAM or swap space
#   This process is running with CompressedOops enabled, and the Java Heap may be blocking the growth of the native heap
# Possible solutions:
#   Reduce memory load on the system
#   Increase physical memory or swap space
#   Check if swap backing store is full
#   Decrease Java heap size (-Xmx/-Xms)
#   Decrease number of Java threads
#   Decrease Java thread stack sizes (-Xss)
#   Set larger code cache with -XX:ReservedCodeCacheSize=
#   JVM is running with Unscaled Compressed Oops mode in which the Java heap is
#     placed in the first 4GB address space. The Java Heap base address is the
#     maximum limit for the native heap growth. Please use -XX:HeapBaseMinAddress
#     to set the Java Heap base and to place the Java Heap above 4GB virtual address.
# This output file may be truncated or incomplete.
#
#  Out of Memory Error (arena.cpp:168), pid=5856, tid=18628
#
# JRE version: OpenJDK Runtime Environment Temurin-21.0.8+9 (21.0.8+9) (build 21.0.8+9-LTS)
# Java VM: OpenJDK 64-Bit Server VM Temurin-21.0.8+9 (21.0.8+9-LTS, mixed mode, sharing, tiered, compressed oops, compressed class ptrs, parallel gc, windows-amd64)
# No core dump will be written. Minidumps are not enabled by default on client versions of Windows
#

---------------  S U M M A R Y ------------

Command Line: --add-modules=ALL-SYSTEM --add-opens=java.base/java.util=ALL-UNNAMED --add-opens=java.base/java.lang=ALL-UNNAMED --add-opens=java.base/sun.nio.fs=ALL-UNNAMED -Declipse.application=org.eclipse.jdt.ls.core.id1 -Dosgi.bundles.defaultStartLevel=4 -Declipse.product=org.eclipse.jdt.ls.core.product -Djava.import.generatesMetadataFilesAtProjectRoot=false -DDetectVMInstallationsJob.disabled=true -Dfile.encoding=utf8 -XX:+UseParallelGC -XX:GCTimeRatio=4 -XX:AdaptiveSizePolicyWeight=90 -Dsun.zip.disableMemoryMapping=true -Xmx2G -Xms100m -Xlog:disable -javaagent:c:\Users\ADMIN\.vscode\extensions\redhat.java-1.47.0-win32-x64\lombok\lombok-1.18.39-4050.jar -XX:+HeapDumpOnOutOfMemoryError -XX:HeapDumpPath=c:\Users\ADMIN\AppData\Roaming\Code\User\workspaceStorage\72edeaf3e1029405817012a7069150b2\redhat.java -Daether.dependencyCollector.impl=bf c:\Users\ADMIN\.vscode\extensions\redhat.java-1.47.0-win32-x64\server\plugins\org.eclipse.equinox.launcher_1.7.100.v20251014-1222.jar -configuration c:\Users\ADMIN\AppData\Roaming\Code\User\globalStorage\redhat.java\1.47.0\config_win -data c:\Users\ADMIN\AppData\Roaming\Code\User\workspaceStorage\72edeaf3e1029405817012a7069150b2\redhat.java\jdt_ws --pipe=\\.\pipe\lsp-e8631c3bb285951515217e37417f99df-sock

Host: Intel(R) Core(TM) i5-7200U CPU @ 2.50GHz, 4 cores, 7G,  Windows 10 , 64 bit Build 19041 (10.0.19041.5915)
Time: Wed Nov  5 21:07:37 2025 Altai Standard Time elapsed time: 521.423265 seconds (0d 0h 8m 41s)

---------------  T H R E A D  ---------------

Current thread (0x000001a6f4214d50):  JavaThread "C2 CompilerThread0" daemon [_thread_in_native, id=18628, stack(0x0000008026700000,0x0000008026800000) (1024K)]


Current CompileTask:
C2:521423 11226   !   4       org.eclipse.jdt.internal.core.search.indexing.BinaryIndexer::indexDocument (1172 bytes)

Stack: [0x0000008026700000,0x0000008026800000]
Native frames: (J=compiled Java code, j=interpreted, Vv=VM code, C=native code)
V  [jvm.dll+0x6d2449]
V  [jvm.dll+0x8ae341]
V  [jvm.dll+0x8b08be]
V  [jvm.dll+0x8b0fa3]
V  [jvm.dll+0x280c96]
V  [jvm.dll+0xc581d]
V  [jvm.dll+0xc5d53]
V  [jvm.dll+0x3b9162]
V  [jvm.dll+0x1e1213]
V  [jvm.dll+0x249022]
V  [jvm.dll+0x2484af]
V  [jvm.dll+0x1c89ee]
V  [jvm.dll+0x257d4d]
V  [jvm.dll+0x2562ea]
V  [jvm.dll+0x3f2d16]
V  [jvm.dll+0x857e6b]
V  [jvm.dll+0x6d0b0d]
C  [ucrtbase.dll+0x21bb2]
C  [KERNEL32.DLL+0x17374]
C  [ntdll.dll+0x4cc91]


---------------  P R O C E S S  ---------------

Threads class SMR info:
_java_thread_list=0x000001a6d51c14d0, length=43, elements={
0x000001a6f4322b00, 0x000001a6f420ad10, 0x000001a6f420c350, 0x000001a6f420fc20,
0x000001a6f4210870, 0x000001a6f42114c0, 0x000001a6f4213f20, 0x000001a6f4214d50,
0x000001a6f428bff0, 0x000001a6f438d460, 0x000001a6fcb2cb30, 0x000001a6fd1877e0,
0x000001a6fd157670, 0x000001a6fcdab290, 0x000001a6fd098d40, 0x000001a6fd4c6570,
0x000001a6fd4c7920, 0x000001a6fd4c6c00, 0x000001a6fd4c4b30, 0x000001a6fd4c51c0,
0x000001a6fd4c5ee0, 0x000001a6ff5b41d0, 0x000001a6ff5b9db0, 0x000001a6ff5b9090,
0x000001a6ff5b4860, 0x000001a6ff5b6930, 0x000001a6ff5ba440, 0x000001a6ff5b4ef0,
0x000001a6ff5b5580, 0x000001a6ff5b9720, 0x000001a6ff5b5c10, 0x000001a6fceaeab0,
0x000001a6fceadd90, 0x000001a6fceb1210, 0x000001a6fceafe60, 0x000001a6ff5b62a0,
0x000001a6ff5b6fc0, 0x000001a6ff5b7ce0, 0x000001a6ff5b34b0, 0x000001a6fd4c7fb0,
0x000001a6d463af80, 0x000001a6d4638190, 0x000001a6d463a260
}

Java Threads: ( => current thread )
  0x000001a6f4322b00 JavaThread "main"                              [_thread_blocked, id=6484, stack(0x0000008025d00000,0x0000008025e00000) (1024K)]
  0x000001a6f420ad10 JavaThread "Reference Handler"          daemon [_thread_blocked, id=11752, stack(0x0000008026100000,0x0000008026200000) (1024K)]
  0x000001a6f420c350 JavaThread "Finalizer"                  daemon [_thread_blocked, id=15820, stack(0x0000008026200000,0x0000008026300000) (1024K)]
  0x000001a6f420fc20 JavaThread "Signal Dispatcher"          daemon [_thread_blocked, id=11700, stack(0x0000008026300000,0x0000008026400000) (1024K)]
  0x000001a6f4210870 JavaThread "Attach Listener"            daemon [_thread_blocked, id=1156, stack(0x0000008026400000,0x0000008026500000) (1024K)]
  0x000001a6f42114c0 JavaThread "Service Thread"             daemon [_thread_blocked, id=11568, stack(0x0000008026500000,0x0000008026600000) (1024K)]
  0x000001a6f4213f20 JavaThread "Monitor Deflation Thread"   daemon [_thread_blocked, id=18188, stack(0x0000008026600000,0x0000008026700000) (1024K)]
=>0x000001a6f4214d50 JavaThread "C2 CompilerThread0"         daemon [_thread_in_native, id=18628, stack(0x0000008026700000,0x0000008026800000) (1024K)]
  0x000001a6f428bff0 JavaThread "C1 CompilerThread0"         daemon [_thread_blocked, id=4288, stack(0x0000008026800000,0x0000008026900000) (1024K)]
  0x000001a6f438d460 JavaThread "Common-Cleaner"             daemon [_thread_blocked, id=17472, stack(0x0000008026900000,0x0000008026a00000) (1024K)]
  0x000001a6fcb2cb30 JavaThread "Notification Thread"        daemon [_thread_blocked, id=9208, stack(0x0000008026a00000,0x0000008026b00000) (1024K)]
  0x000001a6fd1877e0 JavaThread "Active Thread: Equinox Container: 6fac5ac5-1977-4dee-a89e-9904b778eab7"        [_thread_blocked, id=15936, stack(0x0000008027200000,0x0000008027300000) (1024K)]
  0x000001a6fd157670 JavaThread "Framework Event Dispatcher: Equinox Container: 6fac5ac5-1977-4dee-a89e-9904b778eab7" daemon [_thread_blocked, id=13880, stack(0x0000008026e00000,0x0000008026f00000) (1024K)]
  0x000001a6fcdab290 JavaThread "Start Level: Equinox Container: 6fac5ac5-1977-4dee-a89e-9904b778eab7" daemon [_thread_blocked, id=18396, stack(0x0000008026f00000,0x0000008027000000) (1024K)]
  0x000001a6fd098d40 JavaThread "Refresh Thread: Equinox Container: 6fac5ac5-1977-4dee-a89e-9904b778eab7" daemon [_thread_blocked, id=14420, stack(0x0000008027000000,0x0000008027100000) (1024K)]
  0x000001a6fd4c6570 JavaThread "Bundle File Closer"         daemon [_thread_blocked, id=12516, stack(0x0000008027600000,0x0000008027700000) (1024K)]
  0x000001a6fd4c7920 JavaThread "SCR Component Actor"        daemon [_thread_blocked, id=16728, stack(0x0000008027100000,0x0000008027200000) (1024K)]
  0x000001a6fd4c6c00 JavaThread "Worker-JM"                         [_thread_blocked, id=12860, stack(0x0000008025b00000,0x0000008025c00000) (1024K)]
  0x000001a6fd4c4b30 JavaThread "Worker-2"                          [_thread_blocked, id=1620, stack(0x0000008027500000,0x0000008027600000) (1024K)]
  0x000001a6fd4c51c0 JavaThread "Worker-3"                          [_thread_blocked, id=18944, stack(0x0000008027800000,0x0000008027900000) (1024K)]
  0x000001a6fd4c5ee0 JavaThread "Java indexing"              daemon [_thread_in_Java, id=13076, stack(0x0000008027900000,0x0000008027a00000) (1024K)]
  0x000001a6ff5b41d0 JavaThread "JNA Cleaner"                daemon [_thread_blocked, id=19092, stack(0x0000008027700000,0x0000008027800000) (1024K)]
  0x000001a6ff5b9db0 JavaThread "Worker-5"                          [_thread_blocked, id=18592, stack(0x0000008027c00000,0x0000008027d00000) (1024K)]
  0x000001a6ff5b9090 JavaThread "Thread-1"                   daemon [_thread_in_native, id=1608, stack(0x0000008027d00000,0x0000008027e00000) (1024K)]
  0x000001a6ff5b4860 JavaThread "Thread-2"                   daemon [_thread_in_native, id=18548, stack(0x0000008027e00000,0x0000008027f00000) (1024K)]
  0x000001a6ff5b6930 JavaThread "Thread-3"                   daemon [_thread_in_native, id=15436, stack(0x0000008027f00000,0x0000008028000000) (1024K)]
  0x000001a6ff5ba440 JavaThread "Thread-4"                   daemon [_thread_in_native, id=17808, stack(0x0000008028000000,0x0000008028100000) (1024K)]
  0x000001a6ff5b4ef0 JavaThread "Thread-5"                   daemon [_thread_in_native, id=4176, stack(0x0000008028100000,0x0000008028200000) (1024K)]
  0x000001a6ff5b5580 JavaThread "pool-2-thread-1"                   [_thread_blocked, id=3556, stack(0x0000008028200000,0x0000008028300000) (1024K)]
  0x000001a6ff5b9720 JavaThread "WorkspaceEventsHandler"            [_thread_blocked, id=17000, stack(0x0000008028300000,0x0000008028400000) (1024K)]
  0x000001a6ff5b5c10 JavaThread "pool-1-thread-1"                   [_thread_blocked, id=18172, stack(0x0000008028400000,0x0000008028500000) (1024K)]
  0x000001a6fceaeab0 JavaThread "Timer-0"                           [_thread_blocked, id=14360, stack(0x0000008028b00000,0x0000008028c00000) (1024K)]
  0x000001a6fceadd90 JavaThread "Timer-1"                           [_thread_blocked, id=19288, stack(0x0000008025c00000,0x0000008025d00000) (1024K)]
  0x000001a6fceb1210 JavaThread "Timer-2"                           [_thread_blocked, id=16304, stack(0x0000008027300000,0x0000008027400000) (1024K)]
  0x000001a6fceafe60 JavaThread "Timer-3"                           [_thread_blocked, id=16908, stack(0x0000008027400000,0x0000008027500000) (1024K)]
  0x000001a6ff5b62a0 JavaThread "Timer-4"                           [_thread_blocked, id=10524, stack(0x0000008027a00000,0x0000008027b00000) (1024K)]
  0x000001a6ff5b6fc0 JavaThread "Timer-5"                           [_thread_blocked, id=18796, stack(0x0000008027b00000,0x0000008027c00000) (1024K)]
  0x000001a6ff5b7ce0 JavaThread "Timer-6"                           [_thread_blocked, id=10424, stack(0x0000008028600000,0x0000008028700000) (1024K)]
  0x000001a6ff5b34b0 JavaThread "Worker-6"                          [_thread_blocked, id=18028, stack(0x0000008028700000,0x0000008028800000) (1024K)]
  0x000001a6fd4c7fb0 JavaThread "Timer-7"                           [_thread_blocked, id=16668, stack(0x0000008028900000,0x0000008028a00000) (1024K)]
  0x000001a6d463af80 JavaThread "Worker-7: Java indexing... "        [_thread_blocked, id=15416, stack(0x0000008028c00000,0x0000008028d00000) (1024K)]
  0x000001a6d4638190 JavaThread "Worker-8"                          [_thread_blocked, id=8812, stack(0x0000008028800000,0x0000008028900000) (1024K)]
  0x000001a6d463a260 JavaThread "Worker-9: Check JDK Index"         [_thread_blocked, id=12956, stack(0x0000008028a00000,0x0000008028b00000) (1024K)]
Total: 43

Other Threads:
  0x000001a6f43de940 VMThread "VM Thread"                           [id=16712, stack(0x0000008026000000,0x0000008026100000) (1024K)]
  0x000001a6f438c210 WatcherThread "VM Periodic Task Thread"        [id=19132, stack(0x0000008025f00000,0x0000008026000000) (1024K)]
  0x000001a6f4340ab0 WorkerThread "GC Thread#0"                     [id=8816, stack(0x0000008025e00000,0x0000008025f00000) (1024K)]
  0x000001a6fcb85bb0 WorkerThread "GC Thread#1"                     [id=16204, stack(0x0000008026b00000,0x0000008026c00000) (1024K)]
  0x000001a6fcb85f50 WorkerThread "GC Thread#2"                     [id=17196, stack(0x0000008026c00000,0x0000008026d00000) (1024K)]
  0x000001a6fcb862f0 WorkerThread "GC Thread#3"                     [id=4996, stack(0x0000008026d00000,0x0000008026e00000) (1024K)]
Total: 6

Threads with active compile tasks:
C2 CompilerThread0  521504 11226   !   4       org.eclipse.jdt.internal.core.search.indexing.BinaryIndexer::indexDocument (1172 bytes)
Total: 1

VM state: not at safepoint (normal execution)

VM Mutex/Monitor currently owned by a thread: None

Heap address: 0x0000000080000000, size: 2048 MB, Compressed Oops mode: 32-bit

CDS archive(s) mapped at: [0x000001a68f000000-0x000001a68fba0000-0x000001a68fba0000), size 12189696, SharedBaseAddress: 0x000001a68f000000, ArchiveRelocationMode: 1.
Compressed class space mapped at: 0x000001a690000000-0x000001a6d0000000, reserved size: 1073741824
Narrow klass base: 0x000001a68f000000, Narrow klass shift: 0, Narrow klass range: 0x100000000

GC Precious Log:
 CardTable entry size: 512
 CPUs: 4 total, 4 available
 Memory: 8058M
 Large Page Support: Disabled
 NUMA Support: Disabled
 Compressed Oops: Enabled (32-bit)
 Alignments: Space 512K, Generation 512K, Heap 2M
 Heap Min Capacity: 100M
 Heap Initial Capacity: 100M
 Heap Max Capacity: 2G
 Pre-touch: Disabled
 Parallel Workers: 4

Heap:
 PSYoungGen      total 6656K, used 5270K [0x00000000d5580000, 0x00000000d5d80000, 0x0000000100000000)
  eden space 5120K, 79% used [0x00000000d5580000,0x00000000d5976a58,0x00000000d5a80000)
  from space 1536K, 78% used [0x00000000d5a80000,0x00000000d5baedf0,0x00000000d5c00000)
  to   space 1536K, 0% used [0x00000000d5c00000,0x00000000d5c00000,0x00000000d5d80000)
 ParOldGen       total 178176K, used 153219K [0x0000000080000000, 0x000000008ae00000, 0x00000000d5580000)
  object space 178176K, 85% used [0x0000000080000000,0x00000000895a0cc8,0x000000008ae00000)
 Metaspace       used 76503K, committed 78080K, reserved 1179648K
  class space    used 9404K, committed 10112K, reserved 1048576K

Card table byte_map: [0x000001a6f3cd0000,0x000001a6f40e0000] _byte_map_base: 0x000001a6f38d0000

Marking Bits: (ParMarkBitMap*) 0x00007ffefa54a340
 Begin Bits: [0x000001a6f77d0000, 0x000001a6f97d0000)
 End Bits:   [0x000001a6f97d0000, 0x000001a6fb7d0000)

Polling page: 0x000001a6f21d0000

Metaspace:

Usage:
  Non-class:     65.53 MB used.
      Class:      9.18 MB used.
       Both:     74.71 MB used.

Virtual space:
  Non-class space:      128.00 MB reserved,      66.38 MB ( 52%) committed,  2 nodes.
      Class space:        1.00 GB reserved,       9.88 MB ( <1%) committed,  1 nodes.
             Both:        1.12 GB reserved,      76.25 MB (  7%) committed. 

Chunk freelists:
   Non-Class:  12.86 MB
       Class:  6.07 MB
        Both:  18.93 MB

MaxMetaspaceSize: unlimited
CompressedClassSpaceSize: 1.00 GB
Initial GC threshold: 21.00 MB
Current GC threshold: 127.12 MB
CDS: on
 - commit_granule_bytes: 65536.
 - commit_granule_words: 8192.
 - virtual_space_node_default_size: 8388608.
 - enlarge_chunks_in_place: 1.
 - use_allocation_guard: 0.


Internal statistics:

num_allocs_failed_limit: 9.
num_arena_births: 1416.
num_arena_deaths: 14.
num_vsnodes_births: 3.
num_vsnodes_deaths: 0.
num_space_committed: 1220.
num_space_uncommitted: 0.
num_chunks_returned_to_freelist: 23.
num_chunks_taken_from_freelist: 4661.
num_chunk_merges: 13.
num_chunk_splits: 2975.
num_chunks_enlarged: 1807.
num_inconsistent_stats: 0.

CodeHeap 'non-profiled nmethods': size=120000Kb used=8505Kb max_used=9155Kb free=111494Kb
 bounds [0x000001a687ad0000, 0x000001a6883d0000, 0x000001a68f000000]
CodeHeap 'profiled nmethods': size=120000Kb used=19329Kb max_used=21396Kb free=100670Kb
 bounds [0x000001a680000000, 0x000001a6814f0000, 0x000001a687530000]
CodeHeap 'non-nmethods': size=5760Kb used=1463Kb max_used=1556Kb free=4296Kb
 bounds [0x000001a687530000, 0x000001a6877a0000, 0x000001a687ad0000]
CodeCache: size=245760Kb, used=29297Kb, max_used=32107Kb, free=216460Kb
 total_blobs=10430, nmethods=9650, adapters=686, full_count=0
Compilation: enabled, stopped_count=0, restarted_count=0

Compilation events (20 events):
Event: 516.898 Thread 0x000001a6f428bff0 nmethod 11216 0x000001a6814d6090 code [0x000001a6814d6280, 0x000001a6814d67a0]
Event: 517.259 Thread 0x000001a6f4214d50 11217 %     4       org.eclipse.jdt.core.compiler.CharOperation::replace @ 14 (35 bytes)
Event: 517.265 Thread 0x000001a6f4214d50 nmethod 11217% 0x000001a6883bb790 code [0x000001a6883bb920, 0x000001a6883bbb48]
Event: 517.275 Thread 0x000001a6f428bff0 11218       1       org.eclipse.jdt.internal.compiler.classfmt.ModuleInfo$PackageExportInfo::name (5 bytes)
Event: 517.275 Thread 0x000001a6f428bff0 nmethod 11218 0x000001a6883bbc10 code [0x000001a6883bbda0, 0x000001a6883bbe68]
Event: 517.334 Thread 0x000001a6f428bff0 11219   !   3       org.eclipse.jdt.internal.core.search.indexing.BinaryIndexer::indexDocument (1172 bytes)
Event: 517.349 Thread 0x000001a6f428bff0 nmethod 11219 0x000001a6814d6910 code [0x000001a6814d72e0, 0x000001a6814dce30]
Event: 517.617 Thread 0x000001a6f4214d50 11220       4       java.net.URI::toString (60 bytes)
Event: 517.668 Thread 0x000001a6f4214d50 nmethod 11220 0x000001a6883bbf10 code [0x000001a6883bc280, 0x000001a6883bd7f0]
Event: 517.668 Thread 0x000001a6f4214d50 11221       4       java.net.URI::appendSchemeSpecificPart (158 bytes)
Event: 517.684 Thread 0x000001a6f4214d50 nmethod 11221 0x000001a6883bea10 code [0x000001a6883beca0, 0x000001a6883bf4a0]
Event: 517.763 Thread 0x000001a6f428bff0 11222       3       org.eclipse.jdt.core.Signature::encodeTypeSignature (908 bytes)
Event: 517.767 Thread 0x000001a6f428bff0 nmethod 11222 0x000001a6814e0990 code [0x000001a6814e10e0, 0x000001a6814e3eb8]
Event: 518.217 Thread 0x000001a6f4214d50 11223       4       org.eclipse.jdt.internal.compiler.classfmt.ClassFileReader::isLocal (42 bytes)
Event: 518.230 Thread 0x000001a6f4214d50 nmethod 11223 0x000001a6883bfd10 code [0x000001a6883bff40, 0x000001a6883c0598]
Event: 518.243 Thread 0x000001a6f4214d50 11224   !   4       org.eclipse.jdt.internal.core.search.JavaSearchDocument::getByteContents (41 bytes)
Event: 518.244 Thread 0x000001a6f4214d50 nmethod 11224 0x000001a6883c0b90 code [0x000001a6883c0d20, 0x000001a6883c0dd0]
Event: 520.169 Thread 0x000001a6f428bff0 11225       3       org.eclipse.jdt.ls.core.internal.handlers.ProgressReporterManager$ProgressReporter::subTask (40 bytes)
Event: 520.169 Thread 0x000001a6f428bff0 nmethod 11225 0x000001a680020c10 code [0x000001a680020de0, 0x000001a680021108]
Event: 520.271 Thread 0x000001a6f4214d50 11226   !   4       org.eclipse.jdt.internal.core.search.indexing.BinaryIndexer::indexDocument (1172 bytes)

GC Heap History (20 events):
Event: 517.618 GC heap before
{Heap before GC invocations=130 (full 3):
 PSYoungGen      total 6656K, used 6388K [0x00000000d5580000, 0x00000000d5d80000, 0x0000000100000000)
  eden space 5120K, 100% used [0x00000000d5580000,0x00000000d5a80000,0x00000000d5a80000)
  from space 1536K, 82% used [0x00000000d5c00000,0x00000000d5d3d228,0x00000000d5d80000)
  to   space 1536K, 0% used [0x00000000d5a80000,0x00000000d5a80000,0x00000000d5c00000)
 ParOldGen       total 160768K, used 160344K [0x0000000080000000, 0x0000000089d00000, 0x00000000d5580000)
  object space 160768K, 99% used [0x0000000080000000,0x0000000089c96080,0x0000000089d00000)
 Metaspace       used 76502K, committed 78080K, reserved 1179648K
  class space    used 9404K, committed 10112K, reserved 1048576K
}
Event: 517.621 GC heap after
{Heap after GC invocations=130 (full 3):
 PSYoungGen      total 6656K, used 1244K [0x00000000d5580000, 0x00000000d5d80000, 0x0000000100000000)
  eden space 5120K, 0% used [0x00000000d5580000,0x00000000d5580000,0x00000000d5a80000)
  from space 1536K, 81% used [0x00000000d5a80000,0x00000000d5bb7108,0x00000000d5c00000)
  to   space 1536K, 0% used [0x00000000d5c00000,0x00000000d5c00000,0x00000000d5d80000)
 ParOldGen       total 161792K, used 161505K [0x0000000080000000, 0x0000000089e00000, 0x00000000d5580000)
  object space 161792K, 99% used [0x0000000080000000,0x0000000089db8708,0x0000000089e00000)
 Metaspace       used 76502K, committed 78080K, reserved 1179648K
  class space    used 9404K, committed 10112K, reserved 1048576K
}
Event: 517.723 GC heap before
{Heap before GC invocations=131 (full 3):
 PSYoungGen      total 6656K, used 6364K [0x00000000d5580000, 0x00000000d5d80000, 0x0000000100000000)
  eden space 5120K, 100% used [0x00000000d5580000,0x00000000d5a80000,0x00000000d5a80000)
  from space 1536K, 81% used [0x00000000d5a80000,0x00000000d5bb7108,0x00000000d5c00000)
  to   space 1536K, 0% used [0x00000000d5c00000,0x00000000d5c00000,0x00000000d5d80000)
 ParOldGen       total 161792K, used 161505K [0x0000000080000000, 0x0000000089e00000, 0x00000000d5580000)
  object space 161792K, 99% used [0x0000000080000000,0x0000000089db8708,0x0000000089e00000)
 Metaspace       used 76502K, committed 78080K, reserved 1179648K
  class space    used 9404K, committed 10112K, reserved 1048576K
}
Event: 517.726 GC heap after
{Heap after GC invocations=131 (full 3):
 PSYoungGen      total 6656K, used 1197K [0x00000000d5580000, 0x00000000d5d80000, 0x0000000100000000)
  eden space 5120K, 0% used [0x00000000d5580000,0x00000000d5580000,0x00000000d5a80000)
  from space 1536K, 77% used [0x00000000d5c00000,0x00000000d5d2b4e0,0x00000000d5d80000)
  to   space 1536K, 0% used [0x00000000d5a80000,0x00000000d5a80000,0x00000000d5c00000)
 ParOldGen       total 162816K, used 162685K [0x0000000080000000, 0x0000000089f00000, 0x00000000d5580000)
  object space 162816K, 99% used [0x0000000080000000,0x0000000089edf680,0x0000000089f00000)
 Metaspace       used 76502K, committed 78080K, reserved 1179648K
  class space    used 9404K, committed 10112K, reserved 1048576K
}
Event: 517.770 GC heap before
{Heap before GC invocations=132 (full 3):
 PSYoungGen      total 6656K, used 6317K [0x00000000d5580000, 0x00000000d5d80000, 0x0000000100000000)
  eden space 5120K, 100% used [0x00000000d5580000,0x00000000d5a80000,0x00000000d5a80000)
  from space 1536K, 77% used [0x00000000d5c00000,0x00000000d5d2b4e0,0x00000000d5d80000)
  to   space 1536K, 0% used [0x00000000d5a80000,0x00000000d5a80000,0x00000000d5c00000)
 ParOldGen       total 162816K, used 162685K [0x0000000080000000, 0x0000000089f00000, 0x00000000d5580000)
  object space 162816K, 99% used [0x0000000080000000,0x0000000089edf680,0x0000000089f00000)
 Metaspace       used 76502K, committed 78080K, reserved 1179648K
  class space    used 9404K, committed 10112K, reserved 1048576K
}
Event: 517.773 GC heap after
{Heap after GC invocations=132 (full 3):
 PSYoungGen      total 6656K, used 1200K [0x00000000d5580000, 0x00000000d5d80000, 0x0000000100000000)
  eden space 5120K, 0% used [0x00000000d5580000,0x00000000d5580000,0x00000000d5a80000)
  from space 1536K, 78% used [0x00000000d5a80000,0x00000000d5bac298,0x00000000d5c00000)
  to   space 1536K, 0% used [0x00000000d5c00000,0x00000000d5c00000,0x00000000d5d80000)
 ParOldGen       total 163840K, used 163815K [0x0000000080000000, 0x000000008a000000, 0x00000000d5580000)
  object space 163840K, 99% used [0x0000000080000000,0x0000000089ff9e48,0x000000008a000000)
 Metaspace       used 76502K, committed 78080K, reserved 1179648K
  class space    used 9404K, committed 10112K, reserved 1048576K
}
Event: 518.183 GC heap before
{Heap before GC invocations=133 (full 3):
 PSYoungGen      total 6656K, used 6320K [0x00000000d5580000, 0x00000000d5d80000, 0x0000000100000000)
  eden space 5120K, 100% used [0x00000000d5580000,0x00000000d5a80000,0x00000000d5a80000)
  from space 1536K, 78% used [0x00000000d5a80000,0x00000000d5bac298,0x00000000d5c00000)
  to   space 1536K, 0% used [0x00000000d5c00000,0x00000000d5c00000,0x00000000d5d80000)
 ParOldGen       total 163840K, used 163815K [0x0000000080000000, 0x000000008a000000, 0x00000000d5580000)
  object space 163840K, 99% used [0x0000000080000000,0x0000000089ff9e48,0x000000008a000000)
 Metaspace       used 76502K, committed 78080K, reserved 1179648K
  class space    used 9404K, committed 10112K, reserved 1048576K
}
Event: 518.189 GC heap after
{Heap after GC invocations=133 (full 3):
 PSYoungGen      total 6656K, used 1212K [0x00000000d5580000, 0x00000000d5d80000, 0x0000000100000000)
  eden space 5120K, 0% used [0x00000000d5580000,0x00000000d5580000,0x00000000d5a80000)
  from space 1536K, 78% used [0x00000000d5c00000,0x00000000d5d2f390,0x00000000d5d80000)
  to   space 1536K, 0% used [0x00000000d5a80000,0x00000000d5a80000,0x00000000d5c00000)
 ParOldGen       total 165376K, used 164951K [0x0000000080000000, 0x000000008a180000, 0x00000000d5580000)
  object space 165376K, 99% used [0x0000000080000000,0x000000008a115e68,0x000000008a180000)
 Metaspace       used 76502K, committed 78080K, reserved 1179648K
  class space    used 9404K, committed 10112K, reserved 1048576K
}
Event: 518.443 GC heap before
{Heap before GC invocations=134 (full 3):
 PSYoungGen      total 6656K, used 6332K [0x00000000d5580000, 0x00000000d5d80000, 0x0000000100000000)
  eden space 5120K, 100% used [0x00000000d5580000,0x00000000d5a80000,0x00000000d5a80000)
  from space 1536K, 78% used [0x00000000d5c00000,0x00000000d5d2f390,0x00000000d5d80000)
  to   space 1536K, 0% used [0x00000000d5a80000,0x00000000d5a80000,0x00000000d5c00000)
 ParOldGen       total 165376K, used 164951K [0x0000000080000000, 0x000000008a180000, 0x00000000d5580000)
  object space 165376K, 99% used [0x0000000080000000,0x000000008a115e68,0x000000008a180000)
 Metaspace       used 76502K, committed 78080K, reserved 1179648K
  class space    used 9404K, committed 10112K, reserved 1048576K
}
Event: 518.446 GC heap after
{Heap after GC invocations=134 (full 3):
 PSYoungGen      total 6656K, used 1201K [0x00000000d5580000, 0x00000000d5d80000, 0x0000000100000000)
  eden space 5120K, 0% used [0x00000000d5580000,0x00000000d5580000,0x00000000d5a80000)
  from space 1536K, 78% used [0x00000000d5a80000,0x00000000d5bac608,0x00000000d5c00000)
  to   space 1536K, 0% used [0x00000000d5c00000,0x00000000d5c00000,0x00000000d5d80000)
 ParOldGen       total 166400K, used 166109K [0x0000000080000000, 0x000000008a280000, 0x00000000d5580000)
  object space 166400K, 99% used [0x0000000080000000,0x000000008a2376a0,0x000000008a280000)
 Metaspace       used 76502K, committed 78080K, reserved 1179648K
  class space    used 9404K, committed 10112K, reserved 1048576K
}
Event: 518.750 GC heap before
{Heap before GC invocations=135 (full 3):
 PSYoungGen      total 6656K, used 6321K [0x00000000d5580000, 0x00000000d5d80000, 0x0000000100000000)
  eden space 5120K, 100% used [0x00000000d5580000,0x00000000d5a80000,0x00000000d5a80000)
  from space 1536K, 78% used [0x00000000d5a80000,0x00000000d5bac608,0x00000000d5c00000)
  to   space 1536K, 0% used [0x00000000d5c00000,0x00000000d5c00000,0x00000000d5d80000)
 ParOldGen       total 166400K, used 166109K [0x0000000080000000, 0x000000008a280000, 0x00000000d5580000)
  object space 166400K, 99% used [0x0000000080000000,0x000000008a2376a0,0x000000008a280000)
 Metaspace       used 76502K, committed 78080K, reserved 1179648K
  class space    used 9404K, committed 10112K, reserved 1048576K
}
Event: 518.756 GC heap after
{Heap after GC invocations=135 (full 3):
 PSYoungGen      total 6656K, used 1161K [0x00000000d5580000, 0x00000000d5d80000, 0x0000000100000000)
  eden space 5120K, 0% used [0x00000000d5580000,0x00000000d5580000,0x00000000d5a80000)
  from space 1536K, 75% used [0x00000000d5c00000,0x00000000d5d225a8,0x00000000d5d80000)
  to   space 1536K, 0% used [0x00000000d5a80000,0x00000000d5a80000,0x00000000d5c00000)
 ParOldGen       total 167424K, used 167252K [0x0000000080000000, 0x000000008a380000, 0x00000000d5580000)
  object space 167424K, 99% used [0x0000000080000000,0x000000008a355388,0x000000008a380000)
 Metaspace       used 76502K, committed 78080K, reserved 1179648K
  class space    used 9404K, committed 10112K, reserved 1048576K
}
Event: 519.058 GC heap before
{Heap before GC invocations=136 (full 3):
 PSYoungGen      total 6656K, used 6281K [0x00000000d5580000, 0x00000000d5d80000, 0x0000000100000000)
  eden space 5120K, 100% used [0x00000000d5580000,0x00000000d5a80000,0x00000000d5a80000)
  from space 1536K, 75% used [0x00000000d5c00000,0x00000000d5d225a8,0x00000000d5d80000)
  to   space 1536K, 0% used [0x00000000d5a80000,0x00000000d5a80000,0x00000000d5c00000)
 ParOldGen       total 167424K, used 167252K [0x0000000080000000, 0x000000008a380000, 0x00000000d5580000)
  object space 167424K, 99% used [0x0000000080000000,0x000000008a355388,0x000000008a380000)
 Metaspace       used 76502K, committed 78080K, reserved 1179648K
  class space    used 9404K, committed 10112K, reserved 1048576K
}
Event: 519.090 GC heap after
{Heap after GC invocations=136 (full 3):
 PSYoungGen      total 6656K, used 6281K [0x00000000d5580000, 0x00000000d5d80000, 0x0000000100000000)
  eden space 5120K, 100% used [0x00000000d5580000,0x00000000d5a80000,0x00000000d5a80000)
  from space 1536K, 75% used [0x00000000d5c00000,0x00000000d5d225a8,0x00000000d5d80000)
  to   space 1536K, 77% used [0x00000000d5a80000,0x00000000d5baa4d8,0x00000000d5c00000)
 ParOldGen       total 167936K, used 167930K [0x0000000080000000, 0x000000008a400000, 0x00000000d5580000)
  object space 167936K, 99% used [0x0000000080000000,0x000000008a3fea60,0x000000008a400000)
 Metaspace       used 76502K, committed 78080K, reserved 1179648K
  class space    used 9404K, committed 10112K, reserved 1048576K
}
Event: 519.122 GC heap before
{Heap before GC invocations=137 (full 4):
 PSYoungGen      total 6656K, used 6281K [0x00000000d5580000, 0x00000000d5d80000, 0x0000000100000000)
  eden space 5120K, 100% used [0x00000000d5580000,0x00000000d5a80000,0x00000000d5a80000)
  from space 1536K, 75% used [0x00000000d5c00000,0x00000000d5d225a8,0x00000000d5d80000)
  to   space 1536K, 77% used [0x00000000d5a80000,0x00000000d5baa4d8,0x00000000d5c00000)
 ParOldGen       total 167936K, used 167930K [0x0000000080000000, 0x000000008a400000, 0x00000000d5580000)
  object space 167936K, 99% used [0x0000000080000000,0x000000008a3fea60,0x000000008a400000)
 Metaspace       used 76502K, committed 78080K, reserved 1179648K
  class space    used 9404K, committed 10112K, reserved 1048576K
}
Event: 520.110 GC heap after
{Heap after GC invocations=137 (full 4):
 PSYoungGen      total 6656K, used 0K [0x00000000d5580000, 0x00000000d5d80000, 0x0000000100000000)
  eden space 5120K, 0% used [0x00000000d5580000,0x00000000d5580000,0x00000000d5a80000)
  from space 1536K, 0% used [0x00000000d5a80000,0x00000000d5a80000,0x00000000d5c00000)
  to   space 1536K, 0% used [0x00000000d5c00000,0x00000000d5c00000,0x00000000d5d80000)
 ParOldGen       total 178176K, used 152072K [0x0000000080000000, 0x000000008ae00000, 0x00000000d5580000)
  object space 178176K, 85% used [0x0000000080000000,0x0000000089482370,0x000000008ae00000)
 Metaspace       used 76502K, committed 78080K, reserved 1179648K
  class space    used 9404K, committed 10112K, reserved 1048576K
}
Event: 520.660 GC heap before
{Heap before GC invocations=138 (full 4):
 PSYoungGen      total 6656K, used 5120K [0x00000000d5580000, 0x00000000d5d80000, 0x0000000100000000)
  eden space 5120K, 100% used [0x00000000d5580000,0x00000000d5a80000,0x00000000d5a80000)
  from space 1536K, 0% used [0x00000000d5a80000,0x00000000d5a80000,0x00000000d5c00000)
  to   space 1536K, 0% used [0x00000000d5c00000,0x00000000d5c00000,0x00000000d5d80000)
 ParOldGen       total 178176K, used 152072K [0x0000000080000000, 0x000000008ae00000, 0x00000000d5580000)
  object space 178176K, 85% used [0x0000000080000000,0x0000000089482370,0x000000008ae00000)
 Metaspace       used 76503K, committed 78080K, reserved 1179648K
  class space    used 9404K, committed 10112K, reserved 1048576K
}
Event: 520.662 GC heap after
{Heap after GC invocations=138 (full 4):
 PSYoungGen      total 6656K, used 1235K [0x00000000d5580000, 0x00000000d5d80000, 0x0000000100000000)
  eden space 5120K, 0% used [0x00000000d5580000,0x00000000d5580000,0x00000000d5a80000)
  from space 1536K, 80% used [0x00000000d5c00000,0x00000000d5d34e90,0x00000000d5d80000)
  to   space 1536K, 0% used [0x00000000d5a80000,0x00000000d5a80000,0x00000000d5c00000)
 ParOldGen       total 178176K, used 152072K [0x0000000080000000, 0x000000008ae00000, 0x00000000d5580000)
  object space 178176K, 85% used [0x0000000080000000,0x0000000089482370,0x000000008ae00000)
 Metaspace       used 76503K, committed 78080K, reserved 1179648K
  class space    used 9404K, committed 10112K, reserved 1048576K
}
Event: 520.987 GC heap before
{Heap before GC invocations=139 (full 4):
 PSYoungGen      total 6656K, used 6355K [0x00000000d5580000, 0x00000000d5d80000, 0x0000000100000000)
  eden space 5120K, 100% used [0x00000000d5580000,0x00000000d5a80000,0x00000000d5a80000)
  from space 1536K, 80% used [0x00000000d5c00000,0x00000000d5d34e90,0x00000000d5d80000)
  to   space 1536K, 0% used [0x00000000d5a80000,0x00000000d5a80000,0x00000000d5c00000)
 ParOldGen       total 178176K, used 152072K [0x0000000080000000, 0x000000008ae00000, 0x00000000d5580000)
  object space 178176K, 85% used [0x0000000080000000,0x0000000089482370,0x000000008ae00000)
 Metaspace       used 76503K, committed 78080K, reserved 1179648K
  class space    used 9404K, committed 10112K, reserved 1048576K
}
Event: 520.991 GC heap after
{Heap after GC invocations=139 (full 4):
 PSYoungGen      total 6656K, used 1211K [0x00000000d5580000, 0x00000000d5d80000, 0x0000000100000000)
  eden space 5120K, 0% used [0x00000000d5580000,0x00000000d5580000,0x00000000d5a80000)
  from space 1536K, 78% used [0x00000000d5a80000,0x00000000d5baedf0,0x00000000d5c00000)
  to   space 1536K, 0% used [0x00000000d5c00000,0x00000000d5c00000,0x00000000d5d80000)
 ParOldGen       total 178176K, used 153219K [0x0000000080000000, 0x000000008ae00000, 0x00000000d5580000)
  object space 178176K, 85% used [0x0000000080000000,0x00000000895a0cc8,0x000000008ae00000)
 Metaspace       used 76503K, committed 78080K, reserved 1179648K
  class space    used 9404K, committed 10112K, reserved 1048576K
}

Dll operation events (15 events):
Event: 0.016 Loaded shared library c:\Users\ADMIN\.vscode\extensions\redhat.java-1.47.0-win32-x64\jre\21.0.8-win32-x86_64\bin\java.dll
Event: 0.706 Loaded shared library c:\Users\ADMIN\.vscode\extensions\redhat.java-1.47.0-win32-x64\jre\21.0.8-win32-x86_64\bin\zip.dll
Event: 1.158 Loaded shared library C:\Users\ADMIN\.vscode\extensions\redhat.java-1.47.0-win32-x64\jre\21.0.8-win32-x86_64\bin\instrument.dll
Event: 1.236 Loaded shared library C:\Users\ADMIN\.vscode\extensions\redhat.java-1.47.0-win32-x64\jre\21.0.8-win32-x86_64\bin\net.dll
Event: 1.241 Loaded shared library C:\Users\ADMIN\.vscode\extensions\redhat.java-1.47.0-win32-x64\jre\21.0.8-win32-x86_64\bin\nio.dll
Event: 1.251 Loaded shared library C:\Users\ADMIN\.vscode\extensions\redhat.java-1.47.0-win32-x64\jre\21.0.8-win32-x86_64\bin\zip.dll
Event: 1.633 Loaded shared library C:\Users\ADMIN\.vscode\extensions\redhat.java-1.47.0-win32-x64\jre\21.0.8-win32-x86_64\bin\jimage.dll
Event: 2.817 Loaded shared library c:\Users\ADMIN\.vscode\extensions\redhat.java-1.47.0-win32-x64\jre\21.0.8-win32-x86_64\bin\verify.dll
Event: 26.847 Loaded shared library C:\Users\ADMIN\AppData\Roaming\Code\User\globalStorage\redhat.java\1.47.0\config_win\org.eclipse.equinox.launcher\org.eclipse.equinox.launcher.win32.win32.x86_64_1.2.1400.v20250801-0854\eclipse_11916.dll
Event: 61.371 Loaded shared library C:\Users\ADMIN\.vscode\extensions\redhat.java-1.47.0-win32-x64\jre\21.0.8-win32-x86_64\bin\management.dll
Event: 61.379 Loaded shared library C:\Users\ADMIN\.vscode\extensions\redhat.java-1.47.0-win32-x64\jre\21.0.8-win32-x86_64\bin\management_ext.dll
Event: 67.403 Loaded shared library C:\Users\ADMIN\AppData\Local\Temp\jna-62130991\jna6583895959136185927.dll
Event: 67.904 Loaded shared library C:\Users\ADMIN\.vscode\extensions\redhat.java-1.47.0-win32-x64\jre\21.0.8-win32-x86_64\bin\sunmscapi.dll
Event: 69.616 Loaded shared library C:\Users\ADMIN\.vscode\extensions\redhat.java-1.47.0-win32-x64\jre\21.0.8-win32-x86_64\bin\extnet.dll
Event: 139.293 Loaded shared library C:\Users\ADMIN\.gradle\native\1def1411415f61bf3af743bc5b6707747c0891f09f0c88961ee8f79bc544acac\windows-amd64\native-platform.dll

Deoptimization events (20 events):
Event: 507.910 Thread 0x000001a6fd4c5ee0 DEOPT PACKING pc=0x000001a681499c22 sp=0x00000080279fe8d0
Event: 507.910 Thread 0x000001a6fd4c5ee0 DEOPT UNPACKING pc=0x000001a687584242 sp=0x00000080279fde48 mode 0
Event: 507.927 Thread 0x000001a6fd4c5ee0 DEOPT PACKING pc=0x000001a681499c22 sp=0x00000080279fe8d0
Event: 507.927 Thread 0x000001a6fd4c5ee0 DEOPT UNPACKING pc=0x000001a687584242 sp=0x00000080279fde48 mode 0
Event: 507.944 Thread 0x000001a6fd4c5ee0 DEOPT PACKING pc=0x000001a681499c22 sp=0x00000080279fe8d0
Event: 507.944 Thread 0x000001a6fd4c5ee0 DEOPT UNPACKING pc=0x000001a687584242 sp=0x00000080279fde48 mode 0
Event: 508.017 Thread 0x000001a6fd4c5ee0 DEOPT PACKING pc=0x000001a681499c22 sp=0x00000080279fe8d0
Event: 508.017 Thread 0x000001a6fd4c5ee0 DEOPT UNPACKING pc=0x000001a687584242 sp=0x00000080279fde48 mode 0
Event: 508.349 Thread 0x000001a6ff5b34b0 DEOPT PACKING pc=0x000001a6814ae226 sp=0x00000080287fdbd0
Event: 508.349 Thread 0x000001a6ff5b34b0 DEOPT UNPACKING pc=0x000001a687584242 sp=0x00000080287fd0c0 mode 0
Event: 512.594 Thread 0x000001a6fd4c5ee0 Uncommon trap: trap_request=0xffffffe4 fr.pc=0x000001a688384ad8 relative=0x0000000000001198
Event: 512.594 Thread 0x000001a6fd4c5ee0 Uncommon trap: reason=range_check action=make_not_entrant pc=0x000001a688384ad8 method=org.eclipse.jdt.internal.core.search.matching.ConstructorPattern.createDeclarationIndexKey([CI[C[[C[[CI[CII)[C @ 352 c2
Event: 512.594 Thread 0x000001a6fd4c5ee0 DEOPT PACKING pc=0x000001a688384ad8 sp=0x00000080279febe0
Event: 512.594 Thread 0x000001a6fd4c5ee0 DEOPT UNPACKING pc=0x000001a687583aa2 sp=0x00000080279feb30 mode 2
Event: 517.274 Thread 0x000001a6fd4c5ee0 Uncommon trap: trap_request=0xffffff45 fr.pc=0x000001a6882f1344 relative=0x00000000000059a4
Event: 517.274 Thread 0x000001a6fd4c5ee0 Uncommon trap: reason=unstable_if action=reinterpret pc=0x000001a6882f1344 method=org.eclipse.jdt.internal.core.search.indexing.BinaryIndexer.indexDocument()V @ 55 c2
Event: 517.274 Thread 0x000001a6fd4c5ee0 DEOPT PACKING pc=0x000001a6882f1344 sp=0x00000080279fed80
Event: 517.274 Thread 0x000001a6fd4c5ee0 DEOPT UNPACKING pc=0x000001a687583aa2 sp=0x00000080279fed30 mode 2
Event: 517.748 Thread 0x000001a6fd4c5ee0 DEOPT PACKING pc=0x000001a6814dc543 sp=0x00000080279fec20
Event: 517.748 Thread 0x000001a6fd4c5ee0 DEOPT UNPACKING pc=0x000001a687584242 sp=0x00000080279fe218 mode 0

Classes loaded (20 events):
Event: 500.003 Loading class java/util/function/LongFunction
Event: 500.004 Loading class java/util/function/LongFunction done
Event: 500.005 Loading class java/util/stream/Nodes$ConcNode
Event: 500.006 Loading class java/util/stream/Nodes$AbstractConcNode
Event: 500.008 Loading class java/util/stream/Nodes$AbstractConcNode done
Event: 500.008 Loading class java/util/stream/Nodes$ConcNode done
Event: 500.254 Loading class java/util/regex/PatternSyntaxException
Event: 500.255 Loading class java/util/regex/PatternSyntaxException done
Event: 500.328 Loading class java/util/Collections$SynchronizedRandomAccessList
Event: 500.332 Loading class java/util/Collections$SynchronizedList
Event: 500.333 Loading class java/util/Collections$SynchronizedList done
Event: 500.333 Loading class java/util/Collections$SynchronizedRandomAccessList done
Event: 500.396 Loading class java/util/concurrent/CompletableFuture$Signaller
Event: 500.398 Loading class java/util/concurrent/CompletableFuture$Signaller done
Event: 502.610 Loading class java/util/stream/DistinctOps
Event: 502.612 Loading class java/util/stream/DistinctOps done
Event: 502.612 Loading class java/util/stream/DistinctOps$1
Event: 502.613 Loading class java/util/stream/DistinctOps$1 done
Event: 502.621 Loading class java/util/stream/DistinctOps$1$2
Event: 502.621 Loading class java/util/stream/DistinctOps$1$2 done

Classes unloaded (7 events):
Event: 62.926 Thread 0x000001a6f43de940 Unloading class 0x000001a6901b1000 'java/lang/invoke/LambdaForm$MH+0x000001a6901b1000'
Event: 62.926 Thread 0x000001a6f43de940 Unloading class 0x000001a6901b0c00 'java/lang/invoke/LambdaForm$MH+0x000001a6901b0c00'
Event: 62.926 Thread 0x000001a6f43de940 Unloading class 0x000001a6901b0800 'java/lang/invoke/LambdaForm$MH+0x000001a6901b0800'
Event: 62.926 Thread 0x000001a6f43de940 Unloading class 0x000001a6901b0400 'java/lang/invoke/LambdaForm$MH+0x000001a6901b0400'
Event: 62.926 Thread 0x000001a6f43de940 Unloading class 0x000001a6901b0000 'java/lang/invoke/LambdaForm$BMH+0x000001a6901b0000'
Event: 62.926 Thread 0x000001a6f43de940 Unloading class 0x000001a6901afc00 'java/lang/invoke/LambdaForm$DMH+0x000001a6901afc00'
Event: 62.926 Thread 0x000001a6f43de940 Unloading class 0x000001a6901ae800 'java/lang/invoke/LambdaForm$DMH+0x000001a6901ae800'

Classes redefined (0 events):
No events

Internal exceptions (20 events):
Event: 500.721 Thread 0x000001a6ff5b34b0 Exception <a 'sun/nio/fs/WindowsException'{0x00000000d640b500}> (0x00000000d640b500) 
thrown [s\src\hotspot\share\prims\jni.cpp, line 520]
Event: 500.721 Thread 0x000001a6ff5b34b0 Exception <a 'sun/nio/fs/WindowsException'{0x00000000d640c0a0}> (0x00000000d640c0a0) 
thrown [s\src\hotspot\share\prims\jni.cpp, line 520]
Event: 500.721 Thread 0x000001a6ff5b34b0 Exception <a 'sun/nio/fs/WindowsException'{0x00000000d640c700}> (0x00000000d640c700) 
thrown [s\src\hotspot\share\prims\jni.cpp, line 520]
Event: 500.843 Thread 0x000001a6ff5b34b0 Exception <a 'java/lang/NoSuchMethodError'{0x00000000d5580d98}: 'java.lang.Object java.lang.invoke.Invokers$Holder.invoke_MT(java.lang.Object, java.lang.Object, java.lang.Object, java.lang.Object, java.lang.Object, java.lang.Object, java.lang.Object, java.lang.Object, java.lang.Object, java.lang.Object)'> (0x00000000d5580d98) 
thrown [s\src\hotspot\share\interpreter\linkResolver.cpp, line 773]
Event: 501.071 Thread 0x000001a6ff5b5c10 Exception <a 'java/lang/IncompatibleClassChangeError'{0x00000000d5df54d0}: Found class java.lang.Object, but interface was expected> (0x00000000d5df54d0) 
thrown [s\src\hotspot\share\interpreter\linkResolver.cpp, line 840]
Event: 501.844 Thread 0x000001a6fd4c5ee0 Implicit null exception at 0x000001a6882873af to 0x000001a688290e84
Event: 502.564 Thread 0x000001a6ff5b34b0 Exception <a 'java/io/FileNotFoundException'{0x00000000d5a68fb8}> (0x00000000d5a68fb8) 
thrown [s\src\hotspot\share\prims\jni.cpp, line 520]
Event: 502.564 Thread 0x000001a6ff5b34b0 Exception <a 'java/io/FileNotFoundException'{0x00000000d5a69d38}> (0x00000000d5a69d38) 
thrown [s\src\hotspot\share\prims\jni.cpp, line 520]
Event: 502.603 Thread 0x000001a6ff5b34b0 Exception <a 'sun/nio/fs/WindowsException'{0x00000000d5c0ae10}> (0x00000000d5c0ae10) 
thrown [s\src\hotspot\share\prims\jni.cpp, line 520]
Event: 502.603 Thread 0x000001a6ff5b34b0 Exception <a 'sun/nio/fs/WindowsException'{0x00000000d5c0b470}> (0x00000000d5c0b470) 
thrown [s\src\hotspot\share\prims\jni.cpp, line 520]
Event: 505.556 Thread 0x000001a6ff5b34b0 Exception <a 'sun/nio/fs/WindowsException'{0x00000000d57b6dd0}> (0x00000000d57b6dd0) 
thrown [s\src\hotspot\share\prims\jni.cpp, line 520]
Event: 505.556 Thread 0x000001a6ff5b34b0 Exception <a 'sun/nio/fs/WindowsException'{0x00000000d57b7430}> (0x00000000d57b7430) 
thrown [s\src\hotspot\share\prims\jni.cpp, line 520]
Event: 505.565 Thread 0x000001a6ff5b34b0 Exception <a 'sun/nio/fs/WindowsException'{0x00000000d57ee830}> (0x00000000d57ee830) 
thrown [s\src\hotspot\share\prims\jni.cpp, line 520]
Event: 505.566 Thread 0x000001a6ff5b34b0 Exception <a 'sun/nio/fs/WindowsException'{0x00000000d57ef140}> (0x00000000d57ef140) 
thrown [s\src\hotspot\share\prims\jni.cpp, line 520]
Event: 507.078 Thread 0x000001a6ff5b34b0 Exception <a 'java/lang/NoSuchMethodError'{0x00000000d5797858}: 'int java.lang.invoke.DirectMethodHandle$Holder.invokeStatic(java.lang.Object)'> (0x00000000d5797858) 
thrown [s\src\hotspot\share\interpreter\linkResolver.cpp, line 773]
Event: 507.243 Thread 0x000001a6ff5b34b0 Exception <a 'java/io/FileNotFoundException'{0x00000000d5e2e548}> (0x00000000d5e2e548) 
thrown [s\src\hotspot\share\prims\jni.cpp, line 520]
Event: 507.244 Thread 0x000001a6ff5b34b0 Exception <a 'java/io/FileNotFoundException'{0x00000000d5e2f810}> (0x00000000d5e2f810) 
thrown [s\src\hotspot\share\prims\jni.cpp, line 520]
Event: 507.249 Thread 0x000001a6ff5b34b0 Exception <a 'java/io/FileNotFoundException'{0x00000000d5ebe838}> (0x00000000d5ebe838) 
thrown [s\src\hotspot\share\prims\jni.cpp, line 520]
Event: 508.667 Thread 0x000001a6ff5b34b0 Exception <a 'sun/nio/fs/WindowsException'{0x00000000d59d5c98}> (0x00000000d59d5c98) 
thrown [s\src\hotspot\share\prims\jni.cpp, line 520]
Event: 508.667 Thread 0x000001a6ff5b34b0 Exception <a 'sun/nio/fs/WindowsException'{0x00000000d59d62f8}> (0x00000000d59d62f8) 
thrown [s\src\hotspot\share\prims\jni.cpp, line 520]

ZGC Phase Switch (0 events):
No events

VM Operations (20 events):
Event: 517.539 Executing VM operation: ParallelGCFailedAllocation (Allocation Failure)
Event: 517.543 Executing VM operation: ParallelGCFailedAllocation (Allocation Failure) done
Event: 517.618 Executing VM operation: ParallelGCFailedAllocation (Allocation Failure)
Event: 517.621 Executing VM operation: ParallelGCFailedAllocation (Allocation Failure) done
Event: 517.723 Executing VM operation: ParallelGCFailedAllocation (Allocation Failure)
Event: 517.727 Executing VM operation: ParallelGCFailedAllocation (Allocation Failure) done
Event: 517.770 Executing VM operation: ParallelGCFailedAllocation (Allocation Failure)
Event: 517.773 Executing VM operation: ParallelGCFailedAllocation (Allocation Failure) done
Event: 518.183 Executing VM operation: ParallelGCFailedAllocation (Allocation Failure)
Event: 518.189 Executing VM operation: ParallelGCFailedAllocation (Allocation Failure) done
Event: 518.443 Executing VM operation: ParallelGCFailedAllocation (Allocation Failure)
Event: 518.446 Executing VM operation: ParallelGCFailedAllocation (Allocation Failure) done
Event: 518.750 Executing VM operation: ParallelGCFailedAllocation (Allocation Failure)
Event: 518.756 Executing VM operation: ParallelGCFailedAllocation (Allocation Failure) done
Event: 519.058 Executing VM operation: ParallelGCFailedAllocation (Allocation Failure)
Event: 520.110 Executing VM operation: ParallelGCFailedAllocation (Allocation Failure) done
Event: 520.660 Executing VM operation: ParallelGCFailedAllocation (Allocation Failure)
Event: 520.662 Executing VM operation: ParallelGCFailedAllocation (Allocation Failure) done
Event: 520.987 Executing VM operation: ParallelGCFailedAllocation (Allocation Failure)
Event: 520.991 Executing VM operation: ParallelGCFailedAllocation (Allocation Failure) done

Memory protections (0 events):
No events

Nmethod flushes (20 events):
Event: 519.853 Thread 0x000001a6f43de940 flushing  nmethod 0x000001a680e0a390
Event: 519.853 Thread 0x000001a6f43de940 flushing  nmethod 0x000001a680e0b190
Event: 519.853 Thread 0x000001a6f43de940 flushing  nmethod 0x000001a680e18b90
Event: 519.853 Thread 0x000001a6f43de940 flushing  nmethod 0x000001a680e1d710
Event: 519.853 Thread 0x000001a6f43de940 flushing  nmethod 0x000001a680e1db10
Event: 519.853 Thread 0x000001a6f43de940 flushing  nmethod 0x000001a680e29390
Event: 519.853 Thread 0x000001a6f43de940 flushing  nmethod 0x000001a680e2e610
Event: 519.853 Thread 0x000001a6f43de940 flushing osr nmethod 0x000001a680e31390
Event: 519.853 Thread 0x000001a6f43de940 flushing  nmethod 0x000001a680e36010
Event: 519.853 Thread 0x000001a6f43de940 flushing  nmethod 0x000001a680e39c10
Event: 519.853 Thread 0x000001a6f43de940 flushing  nmethod 0x000001a680e59090
Event: 519.853 Thread 0x000001a6f43de940 flushing  nmethod 0x000001a680e5ca10
Event: 519.853 Thread 0x000001a6f43de940 flushing  nmethod 0x000001a680e5d290
Event: 519.853 Thread 0x000001a6f43de940 flushing  nmethod 0x000001a680e6e310
Event: 519.853 Thread 0x000001a6f43de940 flushing  nmethod 0x000001a680e6ea90
Event: 519.853 Thread 0x000001a6f43de940 flushing  nmethod 0x000001a680e71e90
Event: 519.853 Thread 0x000001a6f43de940 flushing  nmethod 0x000001a680e94f90
Event: 519.853 Thread 0x000001a6f43de940 flushing  nmethod 0x000001a680ee2290
Event: 519.853 Thread 0x000001a6f43de940 flushing  nmethod 0x000001a680ee3c10
Event: 519.853 Thread 0x000001a6f43de940 flushing  nmethod 0x000001a680ee4310

Events (20 events):
Event: 465.377 Thread 0x000001a6fd4c51c0 Thread added: 0x000001a6d463b610
Event: 465.380 Thread 0x000001a6d62c8570 Thread exited: 0x000001a6d62c8570
Event: 465.448 Thread 0x000001a6d463b610 Thread added: 0x000001a6d463d6e0
Event: 466.003 Thread 0x000001a6ff5b34b0 Thread added: 0x000001a6d463af80
Event: 468.053 Thread 0x000001a6f428bff0 Thread added: 0x000001a6d62c8970
Event: 468.891 Thread 0x000001a6d62c8970 Thread exited: 0x000001a6d62c8970
Event: 473.857 Thread 0x000001a6f4214d50 Thread added: 0x000001a6d5430e20
Event: 476.850 Thread 0x000001a6d5430e20 Thread exited: 0x000001a6d5430e20
Event: 498.020 Thread 0x000001a6d463d6e0 Thread exited: 0x000001a6d463d6e0
Event: 498.020 Thread 0x000001a6d463b610 Thread exited: 0x000001a6d463b610
Event: 499.891 Thread 0x000001a6ff5b34b0 Thread added: 0x000001a6d4638190
Event: 499.979 Thread 0x000001a6fd4c51c0 Thread added: 0x000001a6d4639540
Event: 500.009 Thread 0x000001a6d4639540 Thread exited: 0x000001a6d4639540
Event: 500.033 Thread 0x000001a6fd4c51c0 Thread added: 0x000001a6d463dd70
Event: 500.068 Thread 0x000001a6d463dd70 Thread exited: 0x000001a6d463dd70
Event: 500.238 Thread 0x000001a6fd4c51c0 Thread added: 0x000001a6d463a260
Event: 513.170 Thread 0x000001a6f4214d50 Thread added: 0x000001a6d712b890
Event: 513.636 Thread 0x000001a6d712b890 Thread exited: 0x000001a6d712b890
Event: 513.700 Thread 0x000001a6f4214d50 Thread added: 0x000001a6d712b890
Event: 515.238 Thread 0x000001a6d712b890 Thread exited: 0x000001a6d712b890


Dynamic libraries:
0x00007ff67f8c0000 - 0x00007ff67f8ce000 	c:\Users\ADMIN\.vscode\extensions\redhat.java-1.47.0-win32-x64\jre\21.0.8-win32-x86_64\bin\java.exe
0x00007fffa5e70000 - 0x00007fffa6068000 	C:\WINDOWS\SYSTEM32\ntdll.dll
0x00007fffa5680000 - 0x00007fffa5742000 	C:\WINDOWS\System32\KERNEL32.DLL
0x00007fffa3b90000 - 0x00007fffa3e86000 	C:\WINDOWS\System32\KERNELBASE.dll
0x00007fffa38d0000 - 0x00007fffa39d0000 	C:\WINDOWS\System32\ucrtbase.dll
0x00007fff9d430000 - 0x00007fff9d448000 	c:\Users\ADMIN\.vscode\extensions\redhat.java-1.47.0-win32-x64\jre\21.0.8-win32-x86_64\bin\jli.dll
0x00007fffa5750000 - 0x00007fffa58f1000 	C:\WINDOWS\System32\USER32.dll
0x00007fffa3a50000 - 0x00007fffa3a72000 	C:\WINDOWS\System32\win32u.dll
0x00007fffa4b90000 - 0x00007fffa4bbb000 	C:\WINDOWS\System32\GDI32.dll
0x00007fffa3500000 - 0x00007fffa3619000 	C:\WINDOWS\System32\gdi32full.dll
0x00007fffa3780000 - 0x00007fffa381d000 	C:\WINDOWS\System32\msvcp_win.dll
0x00007fff8c250000 - 0x00007fff8c26e000 	c:\Users\ADMIN\.vscode\extensions\redhat.java-1.47.0-win32-x64\jre\21.0.8-win32-x86_64\bin\VCRUNTIME140.dll
0x00007fff91da0000 - 0x00007fff9203b000 	C:\WINDOWS\WinSxS\amd64_microsoft.windows.common-controls_6595b64144ccf1df_6.0.19041.6456_none_60b8a6cb71f64256\COMCTL32.dll
0x00007fffa5340000 - 0x00007fffa53de000 	C:\WINDOWS\System32\msvcrt.dll
0x00007fffa3ef0000 - 0x00007fffa3f1f000 	C:\WINDOWS\System32\IMM32.DLL
0x00007fff9d000000 - 0x00007fff9d00c000 	c:\Users\ADMIN\.vscode\extensions\redhat.java-1.47.0-win32-x64\jre\21.0.8-win32-x86_64\bin\vcruntime140_1.dll
0x00007fff71330000 - 0x00007fff713bd000 	c:\Users\ADMIN\.vscode\extensions\redhat.java-1.47.0-win32-x64\jre\21.0.8-win32-x86_64\bin\msvcp140.dll
0x00007ffef9890000 - 0x00007ffefa627000 	c:\Users\ADMIN\.vscode\extensions\redhat.java-1.47.0-win32-x64\jre\21.0.8-win32-x86_64\bin\server\jvm.dll
0x00007fffa40f0000 - 0x00007fffa41a1000 	C:\WINDOWS\System32\ADVAPI32.dll
0x00007fffa4e20000 - 0x00007fffa4ebf000 	C:\WINDOWS\System32\sechost.dll
0x00007fffa4bc0000 - 0x00007fffa4ce0000 	C:\WINDOWS\System32\RPCRT4.dll
0x00007fffa39d0000 - 0x00007fffa39f7000 	C:\WINDOWS\System32\bcrypt.dll
0x00007fffa5590000 - 0x00007fffa55fb000 	C:\WINDOWS\System32\WS2_32.dll
0x00007fffa3360000 - 0x00007fffa33ab000 	C:\WINDOWS\SYSTEM32\POWRPROF.dll
0x00007fff8f450000 - 0x00007fff8f477000 	C:\WINDOWS\SYSTEM32\WINMM.dll
0x00007fff9a6e0000 - 0x00007fff9a6ea000 	C:\WINDOWS\SYSTEM32\VERSION.dll
0x00007fffa3340000 - 0x00007fffa3352000 	C:\WINDOWS\SYSTEM32\UMPDC.dll
0x00007fffa1cd0000 - 0x00007fffa1ce2000 	C:\WINDOWS\SYSTEM32\kernel.appcore.dll
0x00007fff9bc30000 - 0x00007fff9bc3a000 	c:\Users\ADMIN\.vscode\extensions\redhat.java-1.47.0-win32-x64\jre\21.0.8-win32-x86_64\bin\jimage.dll
0x00007fffa11f0000 - 0x00007fffa13f1000 	C:\WINDOWS\SYSTEM32\DBGHELP.DLL
0x00007fff8bef0000 - 0x00007fff8bf24000 	C:\WINDOWS\SYSTEM32\dbgcore.DLL
0x00007fffa3a80000 - 0x00007fffa3b02000 	C:\WINDOWS\System32\bcryptPrimitives.dll
0x00007fff9bb50000 - 0x00007fff9bb5f000 	c:\Users\ADMIN\.vscode\extensions\redhat.java-1.47.0-win32-x64\jre\21.0.8-win32-x86_64\bin\instrument.dll
0x00007fff8c130000 - 0x00007fff8c14f000 	c:\Users\ADMIN\.vscode\extensions\redhat.java-1.47.0-win32-x64\jre\21.0.8-win32-x86_64\bin\java.dll
0x00007fffa42e0000 - 0x00007fffa4a50000 	C:\WINDOWS\System32\SHELL32.dll
0x00007fffa1400000 - 0x00007fffa1ba5000 	C:\WINDOWS\SYSTEM32\windows.storage.dll
0x00007fffa5ad0000 - 0x00007fffa5e24000 	C:\WINDOWS\System32\combase.dll
0x00007fffa2e50000 - 0x00007fffa2e7b000 	C:\WINDOWS\SYSTEM32\Wldp.dll
0x00007fffa3f40000 - 0x00007fffa400d000 	C:\WINDOWS\System32\OLEAUT32.dll
0x00007fffa4ae0000 - 0x00007fffa4b8d000 	C:\WINDOWS\System32\SHCORE.dll
0x00007fffa3e90000 - 0x00007fffa3eeb000 	C:\WINDOWS\System32\shlwapi.dll
0x00007fffa3430000 - 0x00007fffa3454000 	C:\WINDOWS\SYSTEM32\profapi.dll
0x00007fff84790000 - 0x00007fff847a8000 	c:\Users\ADMIN\.vscode\extensions\redhat.java-1.47.0-win32-x64\jre\21.0.8-win32-x86_64\bin\zip.dll
0x00007fff9bc00000 - 0x00007fff9bc10000 	C:\Users\ADMIN\.vscode\extensions\redhat.java-1.47.0-win32-x64\jre\21.0.8-win32-x86_64\bin\net.dll
0x00007fff96020000 - 0x00007fff9612a000 	C:\WINDOWS\SYSTEM32\WINHTTP.dll
0x00007fffa2bb0000 - 0x00007fffa2c1a000 	C:\WINDOWS\system32\mswsock.dll
0x00007fff846c0000 - 0x00007fff846d6000 	C:\Users\ADMIN\.vscode\extensions\redhat.java-1.47.0-win32-x64\jre\21.0.8-win32-x86_64\bin\nio.dll
0x00007fff95d50000 - 0x00007fff95d60000 	c:\Users\ADMIN\.vscode\extensions\redhat.java-1.47.0-win32-x64\jre\21.0.8-win32-x86_64\bin\verify.dll
0x00007fff7fd10000 - 0x00007fff7fd54000 	C:\Users\ADMIN\AppData\Roaming\Code\User\globalStorage\redhat.java\1.47.0\config_win\org.eclipse.equinox.launcher\org.eclipse.equinox.launcher.win32.win32.x86_64_1.2.1400.v20250801-0854\eclipse_11916.dll
0x00007fffa41b0000 - 0x00007fffa42db000 	C:\WINDOWS\System32\ole32.dll
0x00007fff910f0000 - 0x00007fff910fa000 	C:\Users\ADMIN\.vscode\extensions\redhat.java-1.47.0-win32-x64\jre\21.0.8-win32-x86_64\bin\management.dll
0x00007fff8c490000 - 0x00007fff8c49b000 	C:\Users\ADMIN\.vscode\extensions\redhat.java-1.47.0-win32-x64\jre\21.0.8-win32-x86_64\bin\management_ext.dll
0x00007fffa4ec0000 - 0x00007fffa4ec8000 	C:\WINDOWS\System32\PSAPI.DLL
0x00007fffa2da0000 - 0x00007fffa2db8000 	C:\WINDOWS\SYSTEM32\CRYPTSP.dll
0x00007fffa24a0000 - 0x00007fffa24d8000 	C:\WINDOWS\system32\rsaenh.dll
0x00007fffa33f0000 - 0x00007fffa341e000 	C:\WINDOWS\SYSTEM32\USERENV.dll
0x00007fffa2dc0000 - 0x00007fffa2dcc000 	C:\WINDOWS\SYSTEM32\CRYPTBASE.dll
0x00007fffa2890000 - 0x00007fffa28cb000 	C:\WINDOWS\SYSTEM32\IPHLPAPI.DLL
0x00007fffa4ce0000 - 0x00007fffa4ce8000 	C:\WINDOWS\System32\NSI.dll
0x00007fff6fa80000 - 0x00007fff6fac9000 	C:\Users\ADMIN\AppData\Local\Temp\jna-62130991\jna6583895959136185927.dll
0x00007fff997d0000 - 0x00007fff997e7000 	C:\WINDOWS\SYSTEM32\dhcpcsvc6.DLL
0x00007fff99370000 - 0x00007fff9938d000 	C:\WINDOWS\SYSTEM32\dhcpcsvc.DLL
0x00007fff8c380000 - 0x00007fff8c38e000 	C:\Users\ADMIN\.vscode\extensions\redhat.java-1.47.0-win32-x64\jre\21.0.8-win32-x86_64\bin\sunmscapi.dll
0x00007fffa3620000 - 0x00007fffa377d000 	C:\WINDOWS\System32\CRYPT32.dll
0x00007fffa2f30000 - 0x00007fffa2f57000 	C:\WINDOWS\SYSTEM32\ncrypt.dll
0x00007fffa2e80000 - 0x00007fffa2ebb000 	C:\WINDOWS\SYSTEM32\NTASN1.dll
0x00007fffa28d0000 - 0x00007fffa299a000 	C:\WINDOWS\SYSTEM32\DNSAPI.dll
0x00007fff9b4b0000 - 0x00007fff9b4ba000 	C:\Windows\System32\rasadhlp.dll
0x00007fff90f20000 - 0x00007fff90fa0000 	C:\WINDOWS\System32\fwpuclnt.dll
0x00007fff8bf30000 - 0x00007fff8bf39000 	C:\Users\ADMIN\.vscode\extensions\redhat.java-1.47.0-win32-x64\jre\21.0.8-win32-x86_64\bin\extnet.dll
0x00007fff9d4b0000 - 0x00007fff9d4d7000 	C:\Users\ADMIN\.gradle\native\1def1411415f61bf3af743bc5b6707747c0891f09f0c88961ee8f79bc544acac\windows-amd64\native-platform.dll
0x00007fff78390000 - 0x00007fff78397000 	C:\WINDOWS\system32\wshunix.dll

JVMTI agents:
c:\Users\ADMIN\.vscode\extensions\redhat.java-1.47.0-win32-x64\lombok\lombok-1.18.39-4050.jar path:c:\Users\ADMIN\.vscode\extensions\redhat.java-1.47.0-win32-x64\jre\21.0.8-win32-x86_64\bin\instrument.dll, loaded, initialized, instrumentlib options:none

dbghelp: loaded successfully - version: 4.0.5 - missing functions: none
symbol engine: initialized successfully - sym options: 0x614 - pdb path: .;c:\Users\ADMIN\.vscode\extensions\redhat.java-1.47.0-win32-x64\jre\21.0.8-win32-x86_64\bin;C:\WINDOWS\SYSTEM32;C:\WINDOWS\WinSxS\amd64_microsoft.windows.common-controls_6595b64144ccf1df_6.0.19041.6456_none_60b8a6cb71f64256;c:\Users\ADMIN\.vscode\extensions\redhat.java-1.47.0-win32-x64\jre\21.0.8-win32-x86_64\bin\server;C:\Users\ADMIN\AppData\Roaming\Code\User\globalStorage\redhat.java\1.47.0\config_win\org.eclipse.equinox.launcher\org.eclipse.equinox.launcher.win32.win32.x86_64_1.2.1400.v20250801-0854;C:\Users\ADMIN\AppData\Local\Temp\jna-62130991;C:\Users\ADMIN\.gradle\native\1def1411415f61bf3af743bc5b6707747c0891f09f0c88961ee8f79bc544acac\windows-amd64

VM Arguments:
jvm_args: --add-modules=ALL-SYSTEM --add-opens=java.base/java.util=ALL-UNNAMED --add-opens=java.base/java.lang=ALL-UNNAMED --add-opens=java.base/sun.nio.fs=ALL-UNNAMED -Declipse.application=org.eclipse.jdt.ls.core.id1 -Dosgi.bundles.defaultStartLevel=4 -Declipse.product=org.eclipse.jdt.ls.core.product -Djava.import.generatesMetadataFilesAtProjectRoot=false -DDetectVMInstallationsJob.disabled=true -Dfile.encoding=utf8 -XX:+UseParallelGC -XX:GCTimeRatio=4 -XX:AdaptiveSizePolicyWeight=90 -Dsun.zip.disableMemoryMapping=true -Xmx2G -Xms100m -Xlog:disable -javaagent:c:\Users\ADMIN\.vscode\extensions\redhat.java-1.47.0-win32-x64\lombok\lombok-1.18.39-4050.jar -XX:+HeapDumpOnOutOfMemoryError -XX:HeapDumpPath=c:\Users\ADMIN\AppData\Roaming\Code\User\workspaceStorage\72edeaf3e1029405817012a7069150b2\redhat.java -Daether.dependencyCollector.impl=bf 
java_command: c:\Users\ADMIN\.vscode\extensions\redhat.java-1.47.0-win32-x64\server\plugins\org.eclipse.equinox.launcher_1.7.100.v20251014-1222.jar -configuration c:\Users\ADMIN\AppData\Roaming\Code\User\globalStorage\redhat.java\1.47.0\config_win -data c:\Users\ADMIN\AppData\Roaming\Code\User\workspaceStorage\72edeaf3e1029405817012a7069150b2\redhat.java\jdt_ws --pipe=\\.\pipe\lsp-e8631c3bb285951515217e37417f99df-sock
java_class_path (initial): c:\Users\ADMIN\.vscode\extensions\redhat.java-1.47.0-win32-x64\server\plugins\org.eclipse.equinox.launcher_1.7.100.v20251014-1222.jar
Launcher Type: SUN_STANDARD

[Global flags]
    uintx AdaptiveSizePolicyWeight                 = 90                                        {product} {command line}
     intx CICompilerCount                          = 3                                         {product} {ergonomic}
    uintx GCTimeRatio                              = 4                                         {product} {command line}
     bool HeapDumpOnOutOfMemoryError               = true                                   {manageable} {command line}
    ccstr HeapDumpPath                             = c:\Users\ADMIN\AppData\Roaming\Code\User\workspaceStorage\72edeaf3e1029405817012a7069150b2\redhat.java         {manageable} {command line}
   size_t InitialHeapSize                          = 104857600                                 {product} {command line}
   size_t MaxHeapSize                              = 2147483648                                {product} {command line}
   size_t MaxNewSize                               = 715653120                                 {product} {ergonomic}
   size_t MinHeapDeltaBytes                        = 524288                                    {product} {ergonomic}
   size_t MinHeapSize                              = 104857600                                 {product} {command line}
   size_t NewSize                                  = 34603008                                  {product} {ergonomic}
    uintx NonNMethodCodeHeapSize                   = 5832780                                {pd product} {ergonomic}
    uintx NonProfiledCodeHeapSize                  = 122912730                              {pd product} {ergonomic}
   size_t OldSize                                  = 70254592                                  {product} {ergonomic}
    uintx ProfiledCodeHeapSize                     = 122912730                              {pd product} {ergonomic}
    uintx ReservedCodeCacheSize                    = 251658240                              {pd product} {ergonomic}
     bool SegmentedCodeCache                       = true                                      {product} {ergonomic}
   size_t SoftMaxHeapSize                          = 2147483648                             {manageable} {ergonomic}
     bool UseCompressedOops                        = true                           {product lp64_product} {ergonomic}
     bool UseLargePagesIndividualAllocation        = false                                  {pd product} {ergonomic}
     bool UseParallelGC                            = true                                      {product} {command line}

Logging:
Log output configuration:
 #0: stdout all=off uptime,level,tags foldmultilines=false
 #1: stderr all=off uptime,level,tags foldmultilines=false

Environment Variables:
JAVA_HOME=C:\Program Files\Java\jdk-17.0.12+7
PATH=C:\Program Files\MySQL\MySQL Shell 8.0\bin\;C:\WINDOWS;C:\WINDOWS\System32\Wbem;C:\WINDOWS\System32\WindowsPowerShell\v1.0\;C:\WINDOWS\System32\OpenSSH\;C:\Program Files (x86)\Windows Kits\10\Windows Performance Toolkit\;C:\ming-w\mingw-w64-v11.0.0;D:\Git\cmd;C:\Users\ADMIN\AppData\Local\Programs\Python\Python313\Scripts;C:\Program Files\nodejs\;C:\Program Files\Docker\Docker\resources\bin;C:\WINDOWS\System32;C:\Program Files\PostgreSQL\17\bin\;C:\Program Files (x86)\Microsoft SQL Server\160\Tools\Binn\;C:\Program Files\Microsoft SQL Server\160\Tools\Binn\;C:\Program Files\Microsoft SQL Server\Client SDK\ODBC\170\Tools\Binn\;C:\Program Files\Microsoft SQL Server\160\DTS\Binn\;C:\Program Files (x86)\Microsoft SQL Server\160\DTS\Binn\;C:\xampp\php;C:\Program Files\Go\bin;C:\Program Files\dotnet\;C:\ProgramData\ComposerSetup\bin;C:\Program Files\Java\jdk-17.0.12+7\bin;C:\Program Files\MySQL\MySQL Shell 8.0\bin\;C:\Users\ADMIN\AppData\Local\Microsoft\WindowsApps;C:\Users\ADMIN\AppData\Local\Programs\Microsoft VS Code\bin;C:\ming-w\mingw-w64-v11.0.0;C:\Users\ADMIN\AppData\Local\Programs\Python\Python-3-13-1\Scripts\;C:\Users\ADMIN\AppData\Local\Programs\Python\Python-3-13-1\;C:\Users\ADMIN\AppData\Local\Programs\Python\Python313\Scripts;C:\Users\ADMIN\AppData\Roaming\npm;C:\Program Files\nodejs\;;D:\Java\IntelliJ IDEA 2024.3.3\bin;;D:\Java\IntelliJ IDEA Community Edition 2024.3.3\bin;;C:\Users\ADMIN\AppData\Roaming\Composer\vendor\bin;C:\Users\ADMIN\go\bin
USERNAME=ADMIN
OS=Windows_NT
PROCESSOR_IDENTIFIER=Intel64 Family 6 Model 142 Stepping 9, GenuineIntel
TMP=C:\Users\ADMIN\AppData\Local\Temp
TEMP=C:\Users\ADMIN\AppData\Local\Temp




Periodic native trim disabled

---------------  S Y S T E M  ---------------

OS:
 Windows 10 , 64 bit Build 19041 (10.0.19041.5915)
OS uptime: 0 days 22:24 hours
Hyper-V role detected

CPU: total 4 (initial active 4) (2 cores per cpu, 2 threads per core) family 6 model 142 stepping 9 microcode 0xb4, cx8, cmov, fxsr, ht, mmx, 3dnowpref, sse, sse2, sse3, ssse3, sse4.1, sse4.2, popcnt, lzcnt, tsc, tscinvbit, avx, avx2, aes, erms, clmul, bmi1, bmi2, adx, fma, vzeroupper, clflush, clflushopt, hv, rdtscp, f16c
Processor Information for the first 4 processors :
  Max Mhz: 2701, Current Mhz: 2701, Mhz Limit: 2701

Memory: 4k page, system-wide physical 8058M (321M free)
TotalPageFile size 18973M (AvailPageFile size 5M)
current process WorkingSet (physical memory assigned to process): 376M, peak: 377M
current process commit charge ("private bytes"): 488M, peak: 1674M

vm_info: OpenJDK 64-Bit Server VM (21.0.8+9-LTS) for windows-amd64 JRE (21.0.8+9-LTS), built on 2025-07-15T00:00:00Z by "admin" with MS VC++ 17.7 (VS2022)

END.
